# JRE version: Java(TM) SE Runtime Environment (7.0_79-b15) (build 1.7.0_79-b15)
# Java VM: Java HotSpot(TM) 64-Bit Server VM (24.79-b02 mixed mode windows-amd64 compressed oops)
Heap
 PSYoungGen      total 130560K, used 8077K [0x00000000eaa80000, 0x00000000f5680000, 0x0000000100000000)
  eden space 128512K, 6% used [0x00000000eaa80000,0x00000000eb263520,0x00000000f2800000)
  from space 2048K, 0% used [0x00000000f5480000,0x00000000f5480000,0x00000000f5680000)
  to   space 19456K, 0% used [0x00000000f3080000,0x00000000f3080000,0x00000000f4380000)
 ParOldGen       total 64000K, used 35411K [0x00000000c0000000, 0x00000000c3e80000, 0x00000000eaa80000)
  object space 64000K, 55% used [0x00000000c0000000,0x00000000c2294d20,0x00000000c3e80000)
 PSPermGen       total 110080K, used 57124K [0x00000000b0000000, 0x00000000b6b80000, 0x00000000c0000000)
  object space 110080K, 51% used [0x00000000b0000000,0x00000000b37c9120,0x00000000b6b80000)
GC Heap History (10 events):
Event: 1475.851 GC heap before
{Heap before GC invocations=25 (full 4):
 PSYoungGen      total 147456K, used 145408K [0x00000000eaa80000, 0x00000000f7c80000, 0x0000000100000000)
  eden space 145408K, 100% used [0x00000000eaa80000,0x00000000f3880000,0x00000000f3880000)
  from space 2048K, 0% used [0x00000000f7a80000,0x00000000f7a80000,0x00000000f7c80000)
  to   space 20480K, 0% used [0x00000000f5480000,0x00000000f5480000,0x00000000f6880000)
 ParOldGen       total 64000K, used 32268K [0x00000000c0000000, 0x00000000c3e80000, 0x00000000eaa80000)
  object space 64000K, 50% used [0x00000000c0000000,0x00000000c1f832f8,0x00000000c3e80000)
 PSPermGen       total 114176K, used 56806K [0x00000000b0000000, 0x00000000b6f80000, 0x00000000c0000000)
  object space 114176K, 49% used [0x00000000b0000000,0x00000000b3779a70,0x00000000b6f80000)
Event: 1475.857 GC heap after
Heap after GC invocations=25 (full 4):
 PSYoungGen      total 142336K, used 2800K [0x00000000eaa80000, 0x00000000f7b00000, 0x0000000100000000)
  eden space 139264K, 0% used [0x00000000eaa80000,0x00000000eaa80000,0x00000000f3280000)
  from space 3072K, 91% used [0x00000000f5480000,0x00000000f573c010,0x00000000f5780000)
  to   space 19968K, 0% used [0x00000000f6780000,0x00000000f6780000,0x00000000f7b00000)
 ParOldGen       total 64000K, used 32268K [0x00000000c0000000, 0x00000000c3e80000, 0x00000000eaa80000)
  object space 64000K, 50% used [0x00000000c0000000,0x00000000c1f832f8,0x00000000c3e80000)
 PSPermGen       total 114176K, used 56806K [0x00000000b0000000, 0x00000000b6f80000, 0x00000000c0000000)
  object space 114176K, 49% used [0x00000000b0000000,0x00000000b3779a70,0x00000000b6f80000)
}
Event: 1480.256 GC heap before
{Heap before GC invocations=26 (full 4):
 PSYoungGen      total 142336K, used 142064K [0x00000000eaa80000, 0x00000000f7b00000, 0x0000000100000000)
  eden space 139264K, 100% used [0x00000000eaa80000,0x00000000f3280000,0x00000000f3280000)
  from space 3072K, 91% used [0x00000000f5480000,0x00000000f573c010,0x00000000f5780000)
  to   space 19968K, 0% used [0x00000000f6780000,0x00000000f6780000,0x00000000f7b00000)
 ParOldGen       total 64000K, used 32268K [0x00000000c0000000, 0x00000000c3e80000, 0x00000000eaa80000)
  object space 64000K, 50% used [0x00000000c0000000,0x00000000c1f832f8,0x00000000c3e80000)
 PSPermGen       total 114176K, used 56876K [0x00000000b0000000, 0x00000000b6f80000, 0x00000000c0000000)
  object space 114176K, 49% used [0x00000000b0000000,0x00000000b378b290,0x00000000b6f80000)
Event: 1480.277 GC heap after
Heap after GC invocations=26 (full 4):
 PSYoungGen      total 145920K, used 12245K [0x00000000eaa80000, 0x00000000f7380000, 0x0000000100000000)
  eden space 133632K, 0% used [0x00000000eaa80000,0x00000000eaa80000,0x00000000f2d00000)
  from space 12288K, 99% used [0x00000000f6780000,0x00000000f7375590,0x00000000f7380000)
  to   space 20480K, 0% used [0x00000000f4b80000,0x00000000f4b80000,0x00000000f5f80000)
 ParOldGen       total 64000K, used 33176K [0x00000000c0000000, 0x00000000c3e80000, 0x00000000eaa80000)
  object space 64000K, 51% used [0x00000000c0000000,0x00000000c20663a0,0x00000000c3e80000)
 PSPermGen       total 114176K, used 56876K [0x00000000b0000000, 0x00000000b6f80000, 0x00000000c0000000)
  object space 114176K, 49% used [0x00000000b0000000,0x00000000b378b290,0x00000000b6f80000)
}
Event: 1483.320 GC heap before
{Heap before GC invocations=27 (full 4):
 PSYoungGen      total 145920K, used 145877K [0x00000000eaa80000, 0x00000000f7380000, 0x0000000100000000)
  eden space 133632K, 100% used [0x00000000eaa80000,0x00000000f2d00000,0x00000000f2d00000)
  from space 12288K, 99% used [0x00000000f6780000,0x00000000f7375590,0x00000000f7380000)
  to   space 20480K, 0% used [0x00000000f4b80000,0x00000000f4b80000,0x00000000f5f80000)
 ParOldGen       total 64000K, used 33176K [0x00000000c0000000, 0x00000000c3e80000, 0x00000000eaa80000)
  object space 64000K, 51% used [0x00000000c0000000,0x00000000c20663a0,0x00000000c3e80000)
 PSPermGen       total 114176K, used 56964K [0x00000000b0000000, 0x00000000b6f80000, 0x00000000c0000000)
  object space 114176K, 49% used [0x00000000b0000000,0x00000000b37a13a8,0x00000000b6f80000)
Event: 1483.331 GC heap after
Heap after GC invocations=27 (full 4):
 PSYoungGen      total 132096K, used 3081K [0x00000000eaa80000, 0x00000000f6800000, 0x0000000100000000)
  eden space 128512K, 0% used [0x00000000eaa80000,0x00000000eaa80000,0x00000000f2800000)
  from space 3584K, 85% used [0x00000000f4b80000,0x00000000f4e824a8,0x00000000f4f00000)
  to   space 19968K, 0% used [0x00000000f5480000,0x00000000f5480000,0x00000000f6800000)
 ParOldGen       total 64000K, used 36573K [0x00000000c0000000, 0x00000000c3e80000, 0x00000000eaa80000)
  object space 64000K, 57% used [0x00000000c0000000,0x00000000c23b7560,0x00000000c3e80000)
 PSPermGen       total 114176K, used 56964K [0x00000000b0000000, 0x00000000b6f80000, 0x00000000c0000000)
  object space 114176K, 49% used [0x00000000b0000000,0x00000000b37a13a8,0x00000000b6f80000)
}
Event: 1497.549 GC heap before
{Heap before GC invocations=28 (full 4):
 PSYoungGen      total 132096K, used 50031K [0x00000000eaa80000, 0x00000000f6800000, 0x0000000100000000)
  eden space 128512K, 36% used [0x00000000eaa80000,0x00000000ed859b00,0x00000000f2800000)
  from space 3584K, 85% used [0x00000000f4b80000,0x00000000f4e824a8,0x00000000f4f00000)
  to   space 19968K, 0% used [0x00000000f5480000,0x00000000f5480000,0x00000000f6800000)
 ParOldGen       total 64000K, used 36573K [0x00000000c0000000, 0x00000000c3e80000, 0x00000000eaa80000)
  object space 64000K, 57% used [0x00000000c0000000,0x00000000c23b7560,0x00000000c3e80000)
 PSPermGen       total 114176K, used 57422K [0x00000000b0000000, 0x00000000b6f80000, 0x00000000c0000000)
  object space 114176K, 50% used [0x00000000b0000000,0x00000000b3813ad8,0x00000000b6f80000)
Event: 1497.559 GC heap after
Heap after GC invocations=28 (full 4):
 PSYoungGen      total 130560K, used 1859K [0x00000000eaa80000, 0x00000000f5680000, 0x0000000100000000)
  eden space 128512K, 0% used [0x00000000eaa80000,0x00000000eaa80000,0x00000000f2800000)
  from space 2048K, 90% used [0x00000000f5480000,0x00000000f5650e28,0x00000000f5680000)
  to   space 19456K, 0% used [0x00000000f3080000,0x00000000f3080000,0x00000000f4380000)
 ParOldGen       total 64000K, used 37399K [0x00000000c0000000, 0x00000000c3e80000, 0x00000000eaa80000)
  object space 64000K, 58% used [0x00000000c0000000,0x00000000c2485e00,0x00000000c3e80000)
 PSPermGen       total 114176K, used 57422K [0x00000000b0000000, 0x00000000b6f80000, 0x00000000c0000000)
  object space 114176K, 50% used [0x00000000b0000000,0x00000000b3813ad8,0x00000000b6f80000)
}
Event: 1497.559 GC heap before
{Heap before GC invocations=29 (full 5):
 PSYoungGen      total 130560K, used 1859K [0x00000000eaa80000, 0x00000000f5680000, 0x0000000100000000)
  eden space 128512K, 0% used [0x00000000eaa80000,0x00000000eaa80000,0x00000000f2800000)
  from space 2048K, 90% used [0x00000000f5480000,0x00000000f5650e28,0x00000000f5680000)
  to   space 19456K, 0% used [0x00000000f3080000,0x00000000f3080000,0x00000000f4380000)
 ParOldGen       total 64000K, used 37399K [0x00000000c0000000, 0x00000000c3e80000, 0x00000000eaa80000)
  object space 64000K, 58% used [0x00000000c0000000,0x00000000c2485e00,0x00000000c3e80000)
 PSPermGen       total 114176K, used 57422K [0x00000000b0000000, 0x00000000b6f80000, 0x00000000c0000000)
  object space 114176K, 50% used [0x00000000b0000000,0x00000000b3813ad8,0x00000000b6f80000)
Event: 1498.395 GC heap after
Heap after GC invocations=29 (full 5):
 PSYoungGen      total 130560K, used 0K [0x00000000eaa80000, 0x00000000f5680000, 0x0000000100000000)
  eden space 128512K, 0% used [0x00000000eaa80000,0x00000000eaa80000,0x00000000f2800000)
  from space 2048K, 0% used [0x00000000f5480000,0x00000000f5480000,0x00000000f5680000)
  to   space 19456K, 0% used [0x00000000f3080000,0x00000000f3080000,0x00000000f4380000)
 ParOldGen       total 64000K, used 35411K [0x00000000c0000000, 0x00000000c3e80000, 0x00000000eaa80000)
  object space 64000K, 55% used [0x00000000c0000000,0x00000000c2294d20,0x00000000c3e80000)
 PSPermGen       total 110080K, used 57014K [0x00000000b0000000, 0x00000000b6b80000, 0x00000000c0000000)
  object space 110080K, 51% used [0x00000000b0000000,0x00000000b37adad8,0x00000000b6b80000)
}

